<?xml version="1.0" encoding="UTF-8"?>
<!-- Generated by org.testng.reporters.JUnitReportReporter -->
<testsuite hostname="DESKTOP-6SU9IJR" failures="0" tests="2" name="Cucumber.TestNGTestRunner" time="27.384" errors="0" timestamp="2024-10-11T21:30:42 EDT" skipped="0">
  <testcase classname="Cucumber.TestNGTestRunner" name="runScenario" time="21.057"/>
  <testcase classname="Cucumber.TestNGTestRunner" name="runScenario" time="6.327"/>
</testsuite> <!-- Cucumber.TestNGTestRunner -->
