<?xml version="1.0" encoding="UTF-8"?>
<!-- Generated by org.testng.reporters.JUnitReportReporter -->
<testsuite hostname="DESKTOP-6SU9IJR" failures="0" tests="2" name="Akileshreddy.SeleniumFrameworkDesign.SubmitOrderTest" time="49.871" errors="0" timestamp="2024-10-08T18:28:50 EDT" skipped="0">
  <testcase classname="Akileshreddy.SeleniumFrameworkDesign.SubmitOrderTest" name="submitOrder" time="25.532"/>
  <testcase classname="Akileshreddy.SeleniumFrameworkDesign.SubmitOrderTest" name="submitOrder" time="24.339"/>
</testsuite> <!-- Akileshreddy.SeleniumFrameworkDesign.SubmitOrderTest -->
